<?xml version="1.0" encoding="UTF-8"?>
<testsuite xmlns:xsi="http://www.w3.org/2001/XMLSchema-instance" xsi:noNamespaceSchemaLocation="https://maven.apache.org/surefire/maven-surefire-plugin/xsd/surefire-test-report-3.0.xsd" version="3.0" name="com.example.AppTest" time="1.078" tests="2" errors="0" skipped="0" failures="0">
  <properties>
[...]
</properties>
  <testcase name="testParentBean" classname="com.example.AppTest" time="0.77">
    <system-err><![CDATA[Sep 11, 2023 5:00:44 PM org.springframework.context.annotation.AnnotationConfigApplicationContext prepareRefresh
INFO: Refreshing org.springframework.context.annotation.AnnotationConfigApplicationContext@262b2c86: startup date [Mon Sep 11 17:00:44 IST 2023]; root of context hierarchy
]]></system-err>
  </testcase>
  <testcase name="testChildBean" classname="com.example.AppTest" time="0.062">
    <system-err><![CDATA[Sep 11, 2023 5:00:44 PM org.springframework.context.annotation.AnnotationConfigApplicationContext prepareRefresh
INFO: Refreshing org.springframework.context.annotation.AnnotationConfigApplicationContext@72cde7cc: startup date [Mon Sep 11 17:00:44 IST 2023]; root of context hierarchy
]]></system-err>
  </testcase>
</testsuite>